2020-04-24 17:10:48,368 [Worker-7: Loading available Gradle versions] INFO  o.e.b.c.i.u.g.PublishedGradleVersions - Gradle version information cache is not available. Remote download required.
2020-04-24 17:13:53,777 [Worker-2: Loading available Gradle versions] INFO  o.e.b.c.i.u.g.PublishedGradleVersions - Gradle version information cache is up-to-date. Trying to read.
2020-04-24 17:26:05,231 [Worker-3: Loading available Gradle versions] INFO  o.e.b.c.i.u.g.PublishedGradleVersions - Gradle version information cache is up-to-date. Trying to read.
2020-04-24 17:34:20,123 [Worker-9: Loading available Gradle versions] INFO  o.e.b.c.i.u.g.PublishedGradleVersions - Gradle version information cache is up-to-date. Trying to read.
2020-04-24 17:36:30,474 [Worker-4: Loading available Gradle versions] INFO  o.e.b.c.i.u.g.PublishedGradleVersions - Gradle version information cache is up-to-date. Trying to read.
2020-04-24 19:08:11,164 [Worker-3: Loading available Gradle versions] INFO  o.e.b.c.i.u.g.PublishedGradleVersions - Gradle version information cache is up-to-date. Trying to read.
2020-04-27 15:32:02,957 [Worker-1: Loading available Gradle versions] INFO  o.e.b.c.i.u.g.PublishedGradleVersions - Gradle version information cache is out-of-date. Trying to update.
2020-04-27 17:16:45,237 [Worker-3: Loading available Gradle versions] INFO  o.e.b.c.i.u.g.PublishedGradleVersions - Gradle version information cache is up-to-date. Trying to read.
2020-04-27 17:16:57,563 [Start Help Server] INFO  org.eclipse.jetty.util.log - Logging initialized @46580ms to org.eclipse.jetty.util.log.Slf4jLog
2020-04-27 17:16:57,891 [Start Help Server] INFO  org.eclipse.jetty.server.Server - jetty-9.4.27.v20200227; built: 2020-03-02T14:40:42.212Z; git: a304fd9f351f337e7c0e2a7c28878dd536149c6c; jvm 1.8.0_252-8u252-b09-1~18.04-b09
2020-04-27 17:16:57,940 [Start Help Server] INFO  org.eclipse.jetty.server.session - DefaultSessionIdManager workerName=node0
2020-04-27 17:16:57,940 [Start Help Server] INFO  org.eclipse.jetty.server.session - No SessionScavenger set, using defaults
2020-04-27 17:16:57,943 [Start Help Server] INFO  org.eclipse.jetty.server.session - node0 Scavenging every 660000ms
2020-04-27 17:16:58,000 [Start Help Server] INFO  o.e.j.server.handler.ContextHandler - Started o.e.j.s.ServletContextHandler@471525fe{/help,null,AVAILABLE}
2020-04-27 17:16:58,026 [Start Help Server] INFO  o.e.jetty.server.AbstractConnector - Started ServerConnector@6fb63333{HTTP/1.1, (http/1.1)}{127.0.0.1:42289}
2020-04-27 17:16:58,026 [Start Help Server] INFO  org.eclipse.jetty.server.Server - Started @47045ms
2020-04-27 17:16:58,026 [Start Help Server] INFO  org.eclipse.jetty.server.session - node0 Scavenging every 726000ms
2020-04-27 17:18:13,958 [Stop Help Server] INFO  o.e.jetty.server.AbstractConnector - Stopped ServerConnector@6fb63333{HTTP/1.1, (http/1.1)}{127.0.0.1:0}
2020-04-27 17:18:13,958 [Stop Help Server] INFO  org.eclipse.jetty.server.session - node0 Stopped scavenging
2020-04-27 17:18:13,973 [Stop Help Server] INFO  o.e.j.server.handler.ContextHandler - Stopped o.e.j.s.ServletContextHandler@471525fe{/help,null,UNAVAILABLE}
2020-04-27 17:47:57,078 [Worker-6: Loading available Gradle versions] INFO  o.e.b.c.i.u.g.PublishedGradleVersions - Gradle version information cache is up-to-date. Trying to read.
2020-04-28 13:03:22,556 [Worker-3: Loading available Gradle versions] INFO  o.e.b.c.i.u.g.PublishedGradleVersions - Gradle version information cache is up-to-date. Trying to read.
2020-04-28 13:41:57,376 [Start Help Server] INFO  org.eclipse.jetty.util.log - Logging initialized @2336994ms to org.eclipse.jetty.util.log.Slf4jLog
2020-04-28 13:41:57,615 [Start Help Server] INFO  org.eclipse.jetty.server.Server - jetty-9.4.27.v20200227; built: 2020-03-02T14:40:42.212Z; git: a304fd9f351f337e7c0e2a7c28878dd536149c6c; jvm 1.8.0_252-8u252-b09-1~18.04-b09
2020-04-28 13:41:57,650 [Start Help Server] INFO  org.eclipse.jetty.server.session - DefaultSessionIdManager workerName=node0
2020-04-28 13:41:57,650 [Start Help Server] INFO  org.eclipse.jetty.server.session - No SessionScavenger set, using defaults
2020-04-28 13:41:57,653 [Start Help Server] INFO  org.eclipse.jetty.server.session - node0 Scavenging every 660000ms
2020-04-28 13:41:57,689 [Start Help Server] INFO  o.e.j.server.handler.ContextHandler - Started o.e.j.s.ServletContextHandler@39c3b185{/help,null,AVAILABLE}
2020-04-28 13:41:57,708 [Start Help Server] INFO  o.e.jetty.server.AbstractConnector - Started ServerConnector@4352820c{HTTP/1.1, (http/1.1)}{127.0.0.1:36103}
2020-04-28 13:41:57,708 [Start Help Server] INFO  org.eclipse.jetty.server.Server - Started @2337328ms
2020-04-28 13:41:57,708 [Start Help Server] INFO  org.eclipse.jetty.server.session - node0 Scavenging every 726000ms
2020-04-28 13:53:24,388 [Stop Help Server] INFO  o.e.jetty.server.AbstractConnector - Stopped ServerConnector@4352820c{HTTP/1.1, (http/1.1)}{127.0.0.1:0}
2020-04-28 13:53:24,389 [Stop Help Server] INFO  org.eclipse.jetty.server.session - node0 Stopped scavenging
2020-04-28 13:53:24,399 [Stop Help Server] INFO  o.e.j.server.handler.ContextHandler - Stopped o.e.j.s.ServletContextHandler@39c3b185{/help,null,UNAVAILABLE}
2020-04-28 13:53:45,814 [Worker-4: Loading available Gradle versions] INFO  o.e.b.c.i.u.g.PublishedGradleVersions - Gradle version information cache is up-to-date. Trying to read.
2020-04-28 16:19:20,180 [Start Help Server] INFO  org.eclipse.jetty.util.log - Logging initialized @8743549ms to org.eclipse.jetty.util.log.Slf4jLog
2020-04-28 16:19:20,305 [Start Help Server] INFO  org.eclipse.jetty.server.Server - jetty-9.4.27.v20200227; built: 2020-03-02T14:40:42.212Z; git: a304fd9f351f337e7c0e2a7c28878dd536149c6c; jvm 1.8.0_252-8u252-b09-1~18.04-b09
2020-04-28 16:19:20,330 [Start Help Server] INFO  org.eclipse.jetty.server.session - DefaultSessionIdManager workerName=node0
2020-04-28 16:19:20,330 [Start Help Server] INFO  org.eclipse.jetty.server.session - No SessionScavenger set, using defaults
2020-04-28 16:19:20,333 [Start Help Server] INFO  org.eclipse.jetty.server.session - node0 Scavenging every 600000ms
2020-04-28 16:19:20,369 [Start Help Server] INFO  o.e.j.server.handler.ContextHandler - Started o.e.j.s.ServletContextHandler@77777680{/help,null,AVAILABLE}
2020-04-28 16:19:20,381 [Start Help Server] INFO  o.e.jetty.server.AbstractConnector - Started ServerConnector@153a5a90{HTTP/1.1, (http/1.1)}{127.0.0.1:39317}
2020-04-28 16:19:20,381 [Start Help Server] INFO  org.eclipse.jetty.server.Server - Started @8743755ms
2020-04-28 16:19:20,381 [Start Help Server] INFO  org.eclipse.jetty.server.session - node0 Scavenging every 600000ms
2020-04-30 12:26:56,451 [Worker-1: Loading available Gradle versions] INFO  o.e.b.c.i.u.g.PublishedGradleVersions - Gradle version information cache is out-of-date. Trying to update.
2020-04-30 14:29:17,785 [Worker-1: Loading available Gradle versions] INFO  o.e.b.c.i.u.g.PublishedGradleVersions - Gradle version information cache is up-to-date. Trying to read.
2020-04-30 14:40:20,444 [Worker-5: Loading available Gradle versions] INFO  o.e.b.c.i.u.g.PublishedGradleVersions - Gradle version information cache is up-to-date. Trying to read.
